[0.006s] Invoking command in '/home/burak/graduation_thesis/build/realsense_vslam': CMAKE_PREFIX_PATH=${CMAKE_PREFIX_PATH}:/opt/ros/humble /usr/bin/cmake /home/burak/graduation_thesis/src/realsense-visual-slam-gps-denied/realsense_vslam -DAMENT_CMAKE_SYMLINK_INSTALL=1 -DCMAKE_INSTALL_PREFIX=/home/burak/graduation_thesis/install/realsense_vslam
[0.013s] -- Found ament_cmake: 1.3.13 (/opt/ros/humble/share/ament_cmake/cmake)
[0.086s] -- Override CMake install command with custom implementation using symlinks instead of copying resources
[0.090s] -- Found rclcpp: 16.0.18 (/opt/ros/humble/share/rclcpp/cmake)
[0.107s] -- Found rosidl_generator_c: 3.1.8 (/opt/ros/humble/share/rosidl_generator_c/cmake)
[0.108s] -- Found rosidl_adapter: 3.1.8 (/opt/ros/humble/share/rosidl_adapter/cmake)
[0.111s] -- Found rosidl_generator_cpp: 3.1.8 (/opt/ros/humble/share/rosidl_generator_cpp/cmake)
[0.117s] -- Using all available rosidl_typesupport_c: rosidl_typesupport_fastrtps_c;rosidl_typesupport_introspection_c
[0.124s] -- Using all available rosidl_typesupport_cpp: rosidl_typesupport_fastrtps_cpp;rosidl_typesupport_introspection_cpp
[0.143s] -- Found rmw_implementation_cmake: 6.1.2 (/opt/ros/humble/share/rmw_implementation_cmake/cmake)
[0.143s] -- Found rmw_fastrtps_cpp: 6.2.10 (/opt/ros/humble/share/rmw_fastrtps_cpp/cmake)
[0.205s] -- Using RMW implementation 'rmw_fastrtps_cpp' as default
[0.234s] -- Found sensor_msgs: 4.9.1 (/opt/ros/humble/share/sensor_msgs/cmake)
[0.250s] -- Found cv_bridge: 3.2.1 (/opt/ros/humble/share/cv_bridge/cmake)
[0.255s] -- Found ros_gz_sim: 0.244.22 (/opt/ros/humble/share/ros_gz_sim/cmake)
[0.256s] -- Found ros_gz_bridge: 0.244.22 (/opt/ros/humble/share/ros_gz_bridge/cmake)
[0.282s] -- Found Protobuf: /usr/lib/x86_64-linux-gnu/libprotobuf.so (found suitable version "3.12.4", minimum required is "3") 
[0.320s] -- Found Protobuf: /usr/lib/x86_64-linux-gnu/libprotobuf.so (found version "3.12.4") 
[0.465s] -- Found tf2_ros: 0.25.19 (/opt/ros/humble/share/tf2_ros/cmake)
[0.477s] -- Found ament_lint_auto: 0.12.15 (/opt/ros/humble/share/ament_lint_auto/cmake)
[0.530s] -- Added test 'flake8' to check Python code syntax and style conventions
[0.530s] -- Added test 'lint_cmake' to check CMake code style
[0.531s] -- Added test 'pep257' to check Python code against some of the docstring style conventions in PEP 257
[0.531s] -- Added test 'xmllint' to check XML markup files
[0.532s] -- Configuring done
[0.535s] -- Generating done
[0.536s] -- Build files have been written to: /home/burak/graduation_thesis/build/realsense_vslam
[0.543s] Invoked command in '/home/burak/graduation_thesis/build/realsense_vslam' returned '0': CMAKE_PREFIX_PATH=${CMAKE_PREFIX_PATH}:/opt/ros/humble /usr/bin/cmake /home/burak/graduation_thesis/src/realsense-visual-slam-gps-denied/realsense_vslam -DAMENT_CMAKE_SYMLINK_INSTALL=1 -DCMAKE_INSTALL_PREFIX=/home/burak/graduation_thesis/install/realsense_vslam
[0.544s] Invoking command in '/home/burak/graduation_thesis/build/realsense_vslam': CMAKE_PREFIX_PATH=${CMAKE_PREFIX_PATH}:/opt/ros/humble /usr/bin/cmake --build /home/burak/graduation_thesis/build/realsense_vslam -- -j16 -l16
[0.568s] Invoked command in '/home/burak/graduation_thesis/build/realsense_vslam' returned '0': CMAKE_PREFIX_PATH=${CMAKE_PREFIX_PATH}:/opt/ros/humble /usr/bin/cmake --build /home/burak/graduation_thesis/build/realsense_vslam -- -j16 -l16
[0.574s] Invoking command in '/home/burak/graduation_thesis/build/realsense_vslam': CMAKE_PREFIX_PATH=${CMAKE_PREFIX_PATH}:/opt/ros/humble /usr/bin/cmake --install /home/burak/graduation_thesis/build/realsense_vslam
[0.581s] -- Install configuration: ""
[0.581s] -- Execute custom install script
[0.581s] -- Up-to-date symlink: /home/burak/graduation_thesis/install/realsense_vslam/share/realsense_vslam/launch/master_gazebo.launch.py
[0.581s] -- Up-to-date symlink: /home/burak/graduation_thesis/install/realsense_vslam/share/realsense_vslam/launch/slam_rtabmap.launch.py
[0.582s] -- Up-to-date symlink: /home/burak/graduation_thesis/install/realsense_vslam/share/realsense_vslam/models/master_uav/model.sdf
[0.582s] -- Up-to-date symlink: /home/burak/graduation_thesis/install/realsense_vslam/share/realsense_vslam/models/slave_uav/model.sdf
[0.582s] -- Up-to-date symlink: /home/burak/graduation_thesis/install/realsense_vslam/share/realsense_vslam/worlds/vslam.world
[0.582s] -- Up-to-date symlink: /home/burak/graduation_thesis/install/realsense_vslam/lib/realsense_vslam/swarm_controller.py
[0.582s] -- Up-to-date symlink: /home/burak/graduation_thesis/install/realsense_vslam/lib/realsense_vslam/custom_flight_engine.py
[0.582s] -- Up-to-date symlink: /home/burak/graduation_thesis/install/realsense_vslam/share/ament_index/resource_index/package_run_dependencies/realsense_vslam
[0.582s] -- Up-to-date symlink: /home/burak/graduation_thesis/install/realsense_vslam/share/ament_index/resource_index/parent_prefix_path/realsense_vslam
[0.582s] -- Up-to-date symlink: /home/burak/graduation_thesis/install/realsense_vslam/share/realsense_vslam/environment/ament_prefix_path.sh
[0.582s] -- Up-to-date symlink: /home/burak/graduation_thesis/install/realsense_vslam/share/realsense_vslam/environment/ament_prefix_path.dsv
[0.582s] -- Up-to-date symlink: /home/burak/graduation_thesis/install/realsense_vslam/share/realsense_vslam/environment/path.sh
[0.582s] -- Up-to-date symlink: /home/burak/graduation_thesis/install/realsense_vslam/share/realsense_vslam/environment/path.dsv
[0.582s] -- Up-to-date symlink: /home/burak/graduation_thesis/install/realsense_vslam/share/realsense_vslam/local_setup.bash
[0.582s] -- Up-to-date symlink: /home/burak/graduation_thesis/install/realsense_vslam/share/realsense_vslam/local_setup.sh
[0.582s] -- Up-to-date symlink: /home/burak/graduation_thesis/install/realsense_vslam/share/realsense_vslam/local_setup.zsh
[0.582s] -- Up-to-date symlink: /home/burak/graduation_thesis/install/realsense_vslam/share/realsense_vslam/local_setup.dsv
[0.583s] -- Symlinking: /home/burak/graduation_thesis/install/realsense_vslam/share/realsense_vslam/package.dsv
[0.587s] -- Up-to-date symlink: /home/burak/graduation_thesis/install/realsense_vslam/share/ament_index/resource_index/packages/realsense_vslam
[0.587s] -- Up-to-date symlink: /home/burak/graduation_thesis/install/realsense_vslam/share/realsense_vslam/cmake/realsense_vslamConfig.cmake
[0.587s] -- Up-to-date symlink: /home/burak/graduation_thesis/install/realsense_vslam/share/realsense_vslam/cmake/realsense_vslamConfig-version.cmake
[0.587s] -- Up-to-date symlink: /home/burak/graduation_thesis/install/realsense_vslam/share/realsense_vslam/package.xml
[0.589s] Invoked command in '/home/burak/graduation_thesis/build/realsense_vslam' returned '0': CMAKE_PREFIX_PATH=${CMAKE_PREFIX_PATH}:/opt/ros/humble /usr/bin/cmake --install /home/burak/graduation_thesis/build/realsense_vslam
