[0.137s] DEBUG:colcon:Command line arguments: ['/usr/bin/colcon', 'build', '--symlink-install']
[0.137s] DEBUG:colcon:Parsed command line arguments: Namespace(log_base=None, log_level=None, verb_name='build', build_base='build', install_base='install', merge_install=False, symlink_install=True, test_result_base=None, continue_on_error=False, executor='parallel', parallel_workers=16, event_handlers=None, ignore_user_meta=False, metas=['./colcon.meta'], base_paths=['.'], packages_ignore=None, packages_ignore_regex=None, paths=None, packages_up_to=None, packages_up_to_regex=None, packages_above=None, packages_above_and_dependencies=None, packages_above_depth=None, packages_select_by_dep=None, packages_skip_by_dep=None, packages_skip_up_to=None, packages_select_build_failed=False, packages_skip_build_finished=False, packages_select_test_failures=False, packages_skip_test_passed=False, packages_select=None, packages_skip=None, packages_select_regex=None, packages_skip_regex=None, packages_start=None, packages_end=None, allow_overriding=[], cmake_args=None, cmake_target=None, cmake_target_skip_unavailable=False, cmake_clean_cache=False, cmake_clean_first=False, cmake_force_configure=False, ament_cmake_args=None, catkin_cmake_args=None, catkin_skip_building_tests=False, mixin_files=None, mixin=None, verb_parser=<colcon_mixin.mixin.mixin_argument.MixinArgumentDecorator object at 0x75d4d3bbac50>, verb_extension=<colcon_core.verb.build.BuildVerb object at 0x75d4d3bba5f0>, main=<bound method BuildVerb.main of <colcon_core.verb.build.BuildVerb object at 0x75d4d3bba5f0>>, mixin_verb=('build',))
[0.352s] Level 1:colcon.colcon_core.package_discovery:discover_packages(colcon_meta) check parameters
[0.353s] Level 1:colcon.colcon_core.package_discovery:discover_packages(recursive) check parameters
[0.353s] Level 1:colcon.colcon_core.package_discovery:discover_packages(ignore) check parameters
[0.353s] Level 1:colcon.colcon_core.package_discovery:discover_packages(path) check parameters
[0.353s] Level 1:colcon.colcon_core.package_discovery:discover_packages(colcon_meta) discover
[0.353s] Level 1:colcon.colcon_core.package_discovery:discover_packages(recursive) discover
[0.353s] INFO:colcon.colcon_core.package_discovery:Crawling recursively for packages in '/home/burak/graduation_thesis'
[0.353s] Level 1:colcon.colcon_core.package_identification:_identify(.) by extensions ['ignore', 'ignore_ament_install']
[0.353s] Level 1:colcon.colcon_core.package_identification:_identify(.) by extension 'ignore'
[0.353s] Level 1:colcon.colcon_core.package_identification:_identify(.) by extension 'ignore_ament_install'
[0.353s] Level 1:colcon.colcon_core.package_identification:_identify(.) by extensions ['colcon_pkg']
[0.353s] Level 1:colcon.colcon_core.package_identification:_identify(.) by extension 'colcon_pkg'
[0.353s] Level 1:colcon.colcon_core.package_identification:_identify(.) by extensions ['colcon_meta']
[0.353s] Level 1:colcon.colcon_core.package_identification:_identify(.) by extension 'colcon_meta'
[0.353s] Level 1:colcon.colcon_core.package_identification:_identify(.) by extensions ['ros']
[0.353s] Level 1:colcon.colcon_core.package_identification:_identify(.) by extension 'ros'
[0.377s] Level 1:colcon.colcon_core.package_identification:_identify(.) by extensions ['cmake', 'python']
[0.377s] Level 1:colcon.colcon_core.package_identification:_identify(.) by extension 'cmake'
[0.377s] Level 1:colcon.colcon_core.package_identification:_identify(.) by extension 'python'
[0.377s] Level 1:colcon.colcon_core.package_identification:_identify(.) by extensions ['python_setup_py']
[0.377s] Level 1:colcon.colcon_core.package_identification:_identify(.) by extension 'python_setup_py'
[0.377s] Level 1:colcon.colcon_core.package_identification:_identify(build) by extensions ['ignore', 'ignore_ament_install']
[0.377s] Level 1:colcon.colcon_core.package_identification:_identify(build) by extension 'ignore'
[0.377s] Level 1:colcon.colcon_core.package_identification:_identify(build) ignored
[0.377s] Level 1:colcon.colcon_core.package_identification:_identify(install) by extensions ['ignore', 'ignore_ament_install']
[0.377s] Level 1:colcon.colcon_core.package_identification:_identify(install) by extension 'ignore'
[0.377s] Level 1:colcon.colcon_core.package_identification:_identify(install) ignored
[0.377s] Level 1:colcon.colcon_core.package_identification:_identify(log) by extensions ['ignore', 'ignore_ament_install']
[0.377s] Level 1:colcon.colcon_core.package_identification:_identify(log) by extension 'ignore'
[0.377s] Level 1:colcon.colcon_core.package_identification:_identify(log) ignored
[0.377s] Level 1:colcon.colcon_core.package_identification:_identify(src) by extensions ['ignore', 'ignore_ament_install']
[0.377s] Level 1:colcon.colcon_core.package_identification:_identify(src) by extension 'ignore'
[0.377s] Level 1:colcon.colcon_core.package_identification:_identify(src) by extension 'ignore_ament_install'
[0.377s] Level 1:colcon.colcon_core.package_identification:_identify(src) by extensions ['colcon_pkg']
[0.377s] Level 1:colcon.colcon_core.package_identification:_identify(src) by extension 'colcon_pkg'
[0.377s] Level 1:colcon.colcon_core.package_identification:_identify(src) by extensions ['colcon_meta']
[0.377s] Level 1:colcon.colcon_core.package_identification:_identify(src) by extension 'colcon_meta'
[0.377s] Level 1:colcon.colcon_core.package_identification:_identify(src) by extensions ['ros']
[0.377s] Level 1:colcon.colcon_core.package_identification:_identify(src) by extension 'ros'
[0.377s] Level 1:colcon.colcon_core.package_identification:_identify(src) by extensions ['cmake', 'python']
[0.377s] Level 1:colcon.colcon_core.package_identification:_identify(src) by extension 'cmake'
[0.377s] Level 1:colcon.colcon_core.package_identification:_identify(src) by extension 'python'
[0.377s] Level 1:colcon.colcon_core.package_identification:_identify(src) by extensions ['python_setup_py']
[0.377s] Level 1:colcon.colcon_core.package_identification:_identify(src) by extension 'python_setup_py'
[0.378s] Level 1:colcon.colcon_core.package_identification:_identify(src/realsense-visual-slam-gps-denied) by extensions ['ignore', 'ignore_ament_install']
[0.378s] Level 1:colcon.colcon_core.package_identification:_identify(src/realsense-visual-slam-gps-denied) by extension 'ignore'
[0.378s] Level 1:colcon.colcon_core.package_identification:_identify(src/realsense-visual-slam-gps-denied) by extension 'ignore_ament_install'
[0.378s] Level 1:colcon.colcon_core.package_identification:_identify(src/realsense-visual-slam-gps-denied) by extensions ['colcon_pkg']
[0.378s] Level 1:colcon.colcon_core.package_identification:_identify(src/realsense-visual-slam-gps-denied) by extension 'colcon_pkg'
[0.378s] Level 1:colcon.colcon_core.package_identification:_identify(src/realsense-visual-slam-gps-denied) by extensions ['colcon_meta']
[0.378s] Level 1:colcon.colcon_core.package_identification:_identify(src/realsense-visual-slam-gps-denied) by extension 'colcon_meta'
[0.378s] Level 1:colcon.colcon_core.package_identification:_identify(src/realsense-visual-slam-gps-denied) by extensions ['ros']
[0.378s] Level 1:colcon.colcon_core.package_identification:_identify(src/realsense-visual-slam-gps-denied) by extension 'ros'
[0.378s] Level 1:colcon.colcon_core.package_identification:_identify(src/realsense-visual-slam-gps-denied) by extensions ['cmake', 'python']
[0.378s] Level 1:colcon.colcon_core.package_identification:_identify(src/realsense-visual-slam-gps-denied) by extension 'cmake'
[0.378s] Level 1:colcon.colcon_core.package_identification:_identify(src/realsense-visual-slam-gps-denied) by extension 'python'
[0.378s] Level 1:colcon.colcon_core.package_identification:_identify(src/realsense-visual-slam-gps-denied) by extensions ['python_setup_py']
[0.378s] Level 1:colcon.colcon_core.package_identification:_identify(src/realsense-visual-slam-gps-denied) by extension 'python_setup_py'
[0.378s] Level 1:colcon.colcon_core.package_identification:_identify(src/realsense-visual-slam-gps-denied/realsense_vslam) by extensions ['ignore', 'ignore_ament_install']
[0.378s] Level 1:colcon.colcon_core.package_identification:_identify(src/realsense-visual-slam-gps-denied/realsense_vslam) by extension 'ignore'
[0.378s] Level 1:colcon.colcon_core.package_identification:_identify(src/realsense-visual-slam-gps-denied/realsense_vslam) by extension 'ignore_ament_install'
[0.378s] Level 1:colcon.colcon_core.package_identification:_identify(src/realsense-visual-slam-gps-denied/realsense_vslam) by extensions ['colcon_pkg']
[0.378s] Level 1:colcon.colcon_core.package_identification:_identify(src/realsense-visual-slam-gps-denied/realsense_vslam) by extension 'colcon_pkg'
[0.378s] Level 1:colcon.colcon_core.package_identification:_identify(src/realsense-visual-slam-gps-denied/realsense_vslam) by extensions ['colcon_meta']
[0.378s] Level 1:colcon.colcon_core.package_identification:_identify(src/realsense-visual-slam-gps-denied/realsense_vslam) by extension 'colcon_meta'
[0.378s] Level 1:colcon.colcon_core.package_identification:_identify(src/realsense-visual-slam-gps-denied/realsense_vslam) by extensions ['ros']
[0.378s] Level 1:colcon.colcon_core.package_identification:_identify(src/realsense-visual-slam-gps-denied/realsense_vslam) by extension 'ros'
[0.381s] DEBUG:colcon.colcon_core.package_identification:Package 'src/realsense-visual-slam-gps-denied/realsense_vslam' with type 'ros.ament_cmake' and name 'realsense_vslam'
[0.382s] Level 1:colcon.colcon_core.package_identification:_identify(src/realsense_vslam) by extensions ['ignore', 'ignore_ament_install']
[0.382s] Level 1:colcon.colcon_core.package_identification:_identify(src/realsense_vslam) by extension 'ignore'
[0.382s] Level 1:colcon.colcon_core.package_identification:_identify(src/realsense_vslam) by extension 'ignore_ament_install'
[0.382s] Level 1:colcon.colcon_core.package_identification:_identify(src/realsense_vslam) by extensions ['colcon_pkg']
[0.382s] Level 1:colcon.colcon_core.package_identification:_identify(src/realsense_vslam) by extension 'colcon_pkg'
[0.382s] Level 1:colcon.colcon_core.package_identification:_identify(src/realsense_vslam) by extensions ['colcon_meta']
[0.382s] Level 1:colcon.colcon_core.package_identification:_identify(src/realsense_vslam) by extension 'colcon_meta'
[0.382s] Level 1:colcon.colcon_core.package_identification:_identify(src/realsense_vslam) by extensions ['ros']
[0.382s] Level 1:colcon.colcon_core.package_identification:_identify(src/realsense_vslam) by extension 'ros'
[0.382s] Level 1:colcon.colcon_core.package_identification:_identify(src/realsense_vslam) by extensions ['cmake', 'python']
[0.382s] Level 1:colcon.colcon_core.package_identification:_identify(src/realsense_vslam) by extension 'cmake'
[0.382s] Level 1:colcon.colcon_core.package_identification:_identify(src/realsense_vslam) by extension 'python'
[0.382s] Level 1:colcon.colcon_core.package_identification:_identify(src/realsense_vslam) by extensions ['python_setup_py']
[0.382s] Level 1:colcon.colcon_core.package_identification:_identify(src/realsense_vslam) by extension 'python_setup_py'
[0.382s] Level 1:colcon.colcon_core.package_identification:_identify(src/realsense_vslam/models) by extensions ['ignore', 'ignore_ament_install']
[0.382s] Level 1:colcon.colcon_core.package_identification:_identify(src/realsense_vslam/models) by extension 'ignore'
[0.382s] Level 1:colcon.colcon_core.package_identification:_identify(src/realsense_vslam/models) by extension 'ignore_ament_install'
[0.382s] Level 1:colcon.colcon_core.package_identification:_identify(src/realsense_vslam/models) by extensions ['colcon_pkg']
[0.382s] Level 1:colcon.colcon_core.package_identification:_identify(src/realsense_vslam/models) by extension 'colcon_pkg'
[0.382s] Level 1:colcon.colcon_core.package_identification:_identify(src/realsense_vslam/models) by extensions ['colcon_meta']
[0.382s] Level 1:colcon.colcon_core.package_identification:_identify(src/realsense_vslam/models) by extension 'colcon_meta'
[0.382s] Level 1:colcon.colcon_core.package_identification:_identify(src/realsense_vslam/models) by extensions ['ros']
[0.382s] Level 1:colcon.colcon_core.package_identification:_identify(src/realsense_vslam/models) by extension 'ros'
[0.382s] Level 1:colcon.colcon_core.package_identification:_identify(src/realsense_vslam/models) by extensions ['cmake', 'python']
[0.382s] Level 1:colcon.colcon_core.package_identification:_identify(src/realsense_vslam/models) by extension 'cmake'
[0.382s] Level 1:colcon.colcon_core.package_identification:_identify(src/realsense_vslam/models) by extension 'python'
[0.382s] Level 1:colcon.colcon_core.package_identification:_identify(src/realsense_vslam/models) by extensions ['python_setup_py']
[0.382s] Level 1:colcon.colcon_core.package_identification:_identify(src/realsense_vslam/models) by extension 'python_setup_py'
[0.382s] Level 1:colcon.colcon_core.package_identification:_identify(src/realsense_vslam/models/slave_uav) by extensions ['ignore', 'ignore_ament_install']
[0.382s] Level 1:colcon.colcon_core.package_identification:_identify(src/realsense_vslam/models/slave_uav) by extension 'ignore'
[0.382s] Level 1:colcon.colcon_core.package_identification:_identify(src/realsense_vslam/models/slave_uav) by extension 'ignore_ament_install'
[0.382s] Level 1:colcon.colcon_core.package_identification:_identify(src/realsense_vslam/models/slave_uav) by extensions ['colcon_pkg']
[0.382s] Level 1:colcon.colcon_core.package_identification:_identify(src/realsense_vslam/models/slave_uav) by extension 'colcon_pkg'
[0.382s] Level 1:colcon.colcon_core.package_identification:_identify(src/realsense_vslam/models/slave_uav) by extensions ['colcon_meta']
[0.382s] Level 1:colcon.colcon_core.package_identification:_identify(src/realsense_vslam/models/slave_uav) by extension 'colcon_meta'
[0.383s] Level 1:colcon.colcon_core.package_identification:_identify(src/realsense_vslam/models/slave_uav) by extensions ['ros']
[0.383s] Level 1:colcon.colcon_core.package_identification:_identify(src/realsense_vslam/models/slave_uav) by extension 'ros'
[0.383s] Level 1:colcon.colcon_core.package_identification:_identify(src/realsense_vslam/models/slave_uav) by extensions ['cmake', 'python']
[0.383s] Level 1:colcon.colcon_core.package_identification:_identify(src/realsense_vslam/models/slave_uav) by extension 'cmake'
[0.383s] Level 1:colcon.colcon_core.package_identification:_identify(src/realsense_vslam/models/slave_uav) by extension 'python'
[0.383s] Level 1:colcon.colcon_core.package_identification:_identify(src/realsense_vslam/models/slave_uav) by extensions ['python_setup_py']
[0.383s] Level 1:colcon.colcon_core.package_identification:_identify(src/realsense_vslam/models/slave_uav) by extension 'python_setup_py'
[0.383s] Level 1:colcon.colcon_core.package_discovery:discover_packages(recursive) using defaults
[0.383s] Level 1:colcon.colcon_core.package_discovery:discover_packages(ignore) discover
[0.383s] Level 1:colcon.colcon_core.package_discovery:discover_packages(ignore) using defaults
[0.383s] Level 1:colcon.colcon_core.package_discovery:discover_packages(path) discover
[0.383s] Level 1:colcon.colcon_core.package_discovery:discover_packages(path) using defaults
[0.399s] Level 1:colcon.colcon_core.package_discovery:discover_packages(prefix_path) check parameters
[0.399s] Level 1:colcon.colcon_core.package_discovery:discover_packages(prefix_path) discover
[0.403s] DEBUG:colcon.colcon_installed_package_information.package_discovery:Found 1 installed packages in /home/burak/graduation_thesis/install
[0.403s] DEBUG:colcon.colcon_installed_package_information.package_discovery:Found 6 installed packages in /home/burak/install
[0.403s] DEBUG:colcon.colcon_installed_package_information.package_discovery:Found 4 installed packages in /home/burak/robot_kolv1/install
[0.405s] DEBUG:colcon.colcon_installed_package_information.package_discovery:Found 462 installed packages in /opt/ros/humble
[0.406s] Level 1:colcon.colcon_core.package_discovery:discover_packages(prefix_path) using defaults
[0.444s] Level 5:colcon.colcon_core.verb:set package 'realsense_vslam' build argument 'cmake_args' from command line to 'None'
[0.444s] Level 5:colcon.colcon_core.verb:set package 'realsense_vslam' build argument 'cmake_target' from command line to 'None'
[0.444s] Level 5:colcon.colcon_core.verb:set package 'realsense_vslam' build argument 'cmake_target_skip_unavailable' from command line to 'False'
[0.444s] Level 5:colcon.colcon_core.verb:set package 'realsense_vslam' build argument 'cmake_clean_cache' from command line to 'False'
[0.444s] Level 5:colcon.colcon_core.verb:set package 'realsense_vslam' build argument 'cmake_clean_first' from command line to 'False'
[0.444s] Level 5:colcon.colcon_core.verb:set package 'realsense_vslam' build argument 'cmake_force_configure' from command line to 'False'
[0.444s] Level 5:colcon.colcon_core.verb:set package 'realsense_vslam' build argument 'ament_cmake_args' from command line to 'None'
[0.444s] Level 5:colcon.colcon_core.verb:set package 'realsense_vslam' build argument 'catkin_cmake_args' from command line to 'None'
[0.444s] Level 5:colcon.colcon_core.verb:set package 'realsense_vslam' build argument 'catkin_skip_building_tests' from command line to 'False'
[0.444s] DEBUG:colcon.colcon_core.verb:Building package 'realsense_vslam' with the following arguments: {'ament_cmake_args': None, 'build_base': '/home/burak/graduation_thesis/build/realsense_vslam', 'catkin_cmake_args': None, 'catkin_skip_building_tests': False, 'cmake_args': None, 'cmake_clean_cache': False, 'cmake_clean_first': False, 'cmake_force_configure': False, 'cmake_target': None, 'cmake_target_skip_unavailable': False, 'install_base': '/home/burak/graduation_thesis/install/realsense_vslam', 'merge_install': False, 'path': '/home/burak/graduation_thesis/src/realsense-visual-slam-gps-denied/realsense_vslam', 'symlink_install': True, 'test_result_base': None}
[0.444s] INFO:colcon.colcon_core.executor:Executing jobs using 'parallel' executor
[0.445s] DEBUG:colcon.colcon_parallel_executor.executor.parallel:run_until_complete
[0.445s] INFO:colcon.colcon_ros.task.ament_cmake.build:Building ROS package in '/home/burak/graduation_thesis/src/realsense-visual-slam-gps-denied/realsense_vslam' with build type 'ament_cmake'
[0.445s] INFO:colcon.colcon_cmake.task.cmake.build:Building CMake package in '/home/burak/graduation_thesis/src/realsense-visual-slam-gps-denied/realsense_vslam'
[0.448s] INFO:colcon.colcon_core.plugin_system:Skipping extension 'colcon_core.shell.bat': Not used on non-Windows systems
[0.449s] INFO:colcon.colcon_core.shell:Skip shell extension 'powershell' for command environment: Not usable outside of PowerShell
[0.449s] DEBUG:colcon.colcon_core.shell:Skip shell extension 'dsv' for command environment
[0.454s] DEBUG:colcon.colcon_core.event_handler.log_command:Invoking command in '/home/burak/graduation_thesis/build/realsense_vslam': CMAKE_PREFIX_PATH=${CMAKE_PREFIX_PATH}:/home/burak/install/robot_kol_description:/home/burak/install/arduinobot_py_examples:/home/burak/robot_kolv1/install/robot_kol_description:/opt/ros/humble /usr/bin/cmake --build /home/burak/graduation_thesis/build/realsense_vslam -- -j16 -l16
[0.517s] DEBUG:colcon.colcon_core.event_handler.log_command:Invoked command in '/home/burak/graduation_thesis/build/realsense_vslam' returned '0': CMAKE_PREFIX_PATH=${CMAKE_PREFIX_PATH}:/home/burak/install/robot_kol_description:/home/burak/install/arduinobot_py_examples:/home/burak/robot_kolv1/install/robot_kol_description:/opt/ros/humble /usr/bin/cmake --build /home/burak/graduation_thesis/build/realsense_vslam -- -j16 -l16
[0.523s] DEBUG:colcon.colcon_core.event_handler.log_command:Invoking command in '/home/burak/graduation_thesis/build/realsense_vslam': CMAKE_PREFIX_PATH=${CMAKE_PREFIX_PATH}:/home/burak/install/robot_kol_description:/home/burak/install/arduinobot_py_examples:/home/burak/robot_kolv1/install/robot_kol_description:/opt/ros/humble /usr/bin/cmake --install /home/burak/graduation_thesis/build/realsense_vslam
[0.540s] Level 1:colcon.colcon_core.environment:create_environment_scripts_only(realsense_vslam)
[0.541s] DEBUG:colcon.colcon_core.event_handler.log_command:Invoked command in '/home/burak/graduation_thesis/build/realsense_vslam' returned '0': CMAKE_PREFIX_PATH=${CMAKE_PREFIX_PATH}:/home/burak/install/robot_kol_description:/home/burak/install/arduinobot_py_examples:/home/burak/robot_kolv1/install/robot_kol_description:/opt/ros/humble /usr/bin/cmake --install /home/burak/graduation_thesis/build/realsense_vslam
[0.543s] Level 1:colcon.colcon_core.environment:checking '/home/burak/graduation_thesis/install/realsense_vslam' for CMake module files
[0.543s] Level 1:colcon.colcon_core.environment:checking '/home/burak/graduation_thesis/install/realsense_vslam' for CMake config files
[0.544s] Level 1:colcon.colcon_core.shell:create_environment_hook('realsense_vslam', 'cmake_prefix_path')
[0.544s] INFO:colcon.colcon_core.shell:Creating environment hook '/home/burak/graduation_thesis/install/realsense_vslam/share/realsense_vslam/hook/cmake_prefix_path.ps1'
[0.545s] INFO:colcon.colcon_core.shell:Creating environment descriptor '/home/burak/graduation_thesis/install/realsense_vslam/share/realsense_vslam/hook/cmake_prefix_path.dsv'
[0.545s] INFO:colcon.colcon_core.shell:Creating environment hook '/home/burak/graduation_thesis/install/realsense_vslam/share/realsense_vslam/hook/cmake_prefix_path.sh'
[0.546s] Level 1:colcon.colcon_core.environment:checking '/home/burak/graduation_thesis/install/realsense_vslam/bin'
[0.546s] Level 1:colcon.colcon_core.environment:checking '/home/burak/graduation_thesis/install/realsense_vslam/lib/pkgconfig/realsense_vslam.pc'
[0.546s] Level 1:colcon.colcon_core.environment:checking '/home/burak/graduation_thesis/install/realsense_vslam/lib/python3.10/site-packages'
[0.546s] Level 1:colcon.colcon_core.environment:checking '/home/burak/graduation_thesis/install/realsense_vslam/bin'
[0.546s] INFO:colcon.colcon_core.shell:Creating package script '/home/burak/graduation_thesis/install/realsense_vslam/share/realsense_vslam/package.ps1'
[0.547s] INFO:colcon.colcon_core.shell:Creating package descriptor '/home/burak/graduation_thesis/install/realsense_vslam/share/realsense_vslam/package.dsv'
[0.548s] INFO:colcon.colcon_core.shell:Creating package script '/home/burak/graduation_thesis/install/realsense_vslam/share/realsense_vslam/package.sh'
[0.548s] INFO:colcon.colcon_core.shell:Creating package script '/home/burak/graduation_thesis/install/realsense_vslam/share/realsense_vslam/package.bash'
[0.549s] INFO:colcon.colcon_core.shell:Creating package script '/home/burak/graduation_thesis/install/realsense_vslam/share/realsense_vslam/package.zsh'
[0.550s] Level 1:colcon.colcon_core.environment:create_file_with_runtime_dependencies(/home/burak/graduation_thesis/install/realsense_vslam/share/colcon-core/packages/realsense_vslam)
[0.550s] Level 1:colcon.colcon_core.environment:create_environment_scripts_only(realsense_vslam)
[0.550s] Level 1:colcon.colcon_core.environment:checking '/home/burak/graduation_thesis/install/realsense_vslam' for CMake module files
[0.550s] Level 1:colcon.colcon_core.environment:checking '/home/burak/graduation_thesis/install/realsense_vslam' for CMake config files
[0.550s] Level 1:colcon.colcon_core.shell:create_environment_hook('realsense_vslam', 'cmake_prefix_path')
[0.551s] INFO:colcon.colcon_core.shell:Creating environment hook '/home/burak/graduation_thesis/install/realsense_vslam/share/realsense_vslam/hook/cmake_prefix_path.ps1'
[0.551s] INFO:colcon.colcon_core.shell:Creating environment descriptor '/home/burak/graduation_thesis/install/realsense_vslam/share/realsense_vslam/hook/cmake_prefix_path.dsv'
[0.551s] INFO:colcon.colcon_core.shell:Creating environment hook '/home/burak/graduation_thesis/install/realsense_vslam/share/realsense_vslam/hook/cmake_prefix_path.sh'
[0.551s] Level 1:colcon.colcon_core.environment:checking '/home/burak/graduation_thesis/install/realsense_vslam/bin'
[0.551s] Level 1:colcon.colcon_core.environment:checking '/home/burak/graduation_thesis/install/realsense_vslam/lib/pkgconfig/realsense_vslam.pc'
[0.551s] Level 1:colcon.colcon_core.environment:checking '/home/burak/graduation_thesis/install/realsense_vslam/lib/python3.10/site-packages'
[0.552s] Level 1:colcon.colcon_core.environment:checking '/home/burak/graduation_thesis/install/realsense_vslam/bin'
[0.552s] INFO:colcon.colcon_core.shell:Creating package script '/home/burak/graduation_thesis/install/realsense_vslam/share/realsense_vslam/package.ps1'
[0.552s] INFO:colcon.colcon_core.shell:Creating package descriptor '/home/burak/graduation_thesis/install/realsense_vslam/share/realsense_vslam/package.dsv'
[0.552s] INFO:colcon.colcon_core.shell:Creating package script '/home/burak/graduation_thesis/install/realsense_vslam/share/realsense_vslam/package.sh'
[0.552s] INFO:colcon.colcon_core.shell:Creating package script '/home/burak/graduation_thesis/install/realsense_vslam/share/realsense_vslam/package.bash'
[0.553s] INFO:colcon.colcon_core.shell:Creating package script '/home/burak/graduation_thesis/install/realsense_vslam/share/realsense_vslam/package.zsh'
[0.553s] Level 1:colcon.colcon_core.environment:create_file_with_runtime_dependencies(/home/burak/graduation_thesis/install/realsense_vslam/share/colcon-core/packages/realsense_vslam)
[0.553s] DEBUG:colcon.colcon_parallel_executor.executor.parallel:closing loop
[0.553s] DEBUG:colcon.colcon_parallel_executor.executor.parallel:loop closed
[0.553s] DEBUG:colcon.colcon_parallel_executor.executor.parallel:run_until_complete finished with '0'
[0.553s] DEBUG:colcon.colcon_core.event_reactor:joining thread
[0.557s] INFO:colcon.colcon_core.plugin_system:Skipping extension 'colcon_notification.desktop_notification.terminal_notifier': Not used on non-Darwin systems
[0.557s] INFO:colcon.colcon_core.plugin_system:Skipping extension 'colcon_notification.desktop_notification.win32': Not used on non-Windows systems
[0.557s] INFO:colcon.colcon_notification.desktop_notification:Sending desktop notification using 'notify2'
[0.570s] DEBUG:colcon.colcon_core.event_reactor:joined thread
[0.571s] INFO:colcon.colcon_core.shell:Creating prefix script '/home/burak/graduation_thesis/install/local_setup.ps1'
[0.572s] INFO:colcon.colcon_core.shell:Creating prefix util module '/home/burak/graduation_thesis/install/_local_setup_util_ps1.py'
[0.573s] INFO:colcon.colcon_core.shell:Creating prefix chain script '/home/burak/graduation_thesis/install/setup.ps1'
[0.574s] INFO:colcon.colcon_core.shell:Creating prefix script '/home/burak/graduation_thesis/install/local_setup.sh'
[0.574s] INFO:colcon.colcon_core.shell:Creating prefix util module '/home/burak/graduation_thesis/install/_local_setup_util_sh.py'
[0.575s] INFO:colcon.colcon_core.shell:Creating prefix chain script '/home/burak/graduation_thesis/install/setup.sh'
[0.576s] INFO:colcon.colcon_core.shell:Creating prefix script '/home/burak/graduation_thesis/install/local_setup.bash'
[0.576s] INFO:colcon.colcon_core.shell:Creating prefix chain script '/home/burak/graduation_thesis/install/setup.bash'
[0.577s] INFO:colcon.colcon_core.shell:Creating prefix script '/home/burak/graduation_thesis/install/local_setup.zsh'
[0.577s] INFO:colcon.colcon_core.shell:Creating prefix chain script '/home/burak/graduation_thesis/install/setup.zsh'
