[0.007s] Invoking command in '/home/burak/graduation_thesis/build/realsense_vslam': CMAKE_PREFIX_PATH=${CMAKE_PREFIX_PATH}:/opt/ros/humble /usr/bin/cmake /home/burak/graduation_thesis/src/realsense-visual-slam-gps-denied/realsense_vslam -DAMENT_CMAKE_SYMLINK_INSTALL=1 -DCMAKE_INSTALL_PREFIX=/home/burak/graduation_thesis/install/realsense_vslam
[0.053s] -- The C compiler identification is GNU 11.4.0
[0.089s] -- The CXX compiler identification is GNU 11.4.0
[0.097s] -- Detecting C compiler ABI info
[0.140s] -- Detecting C compiler ABI info - done
[0.144s] -- Check for working C compiler: /usr/bin/cc - skipped
[0.144s] -- Detecting C compile features
[0.145s] -- Detecting C compile features - done
[0.147s] -- Detecting CXX compiler ABI info
[0.197s] -- Detecting CXX compiler ABI info - done
[0.201s] -- Check for working CXX compiler: /usr/bin/c++ - skipped
[0.201s] -- Detecting CXX compile features
[0.202s] -- Detecting CXX compile features - done
[0.209s] -- Found ament_cmake: 1.3.11 (/opt/ros/humble/share/ament_cmake/cmake)
[0.302s] -- Found Python3: /usr/bin/python3 (found version "3.10.12") found components: Interpreter 
[0.343s] -- Override CMake install command with custom implementation using symlinks instead of copying resources
[0.375s] -- Found rclcpp: 16.0.12 (/opt/ros/humble/share/rclcpp/cmake)
[0.426s] -- Found rosidl_generator_c: 3.1.6 (/opt/ros/humble/share/rosidl_generator_c/cmake)
[0.430s] -- Found rosidl_adapter: 3.1.6 (/opt/ros/humble/share/rosidl_adapter/cmake)
[0.441s] -- Found rosidl_generator_cpp: 3.1.6 (/opt/ros/humble/share/rosidl_generator_cpp/cmake)
[0.455s] -- Using all available rosidl_typesupport_c: rosidl_typesupport_fastrtps_c;rosidl_typesupport_introspection_c
[0.470s] -- Using all available rosidl_typesupport_cpp: rosidl_typesupport_fastrtps_cpp;rosidl_typesupport_introspection_cpp
[0.512s] -- Found rmw_implementation_cmake: 6.1.2 (/opt/ros/humble/share/rmw_implementation_cmake/cmake)
[0.515s] -- Found rmw_fastrtps_cpp: 6.2.7 (/opt/ros/humble/share/rmw_fastrtps_cpp/cmake)
[0.582s] -- Found OpenSSL: /usr/lib/x86_64-linux-gnu/libcrypto.so (found version "3.0.2")  
[0.600s] -- Found FastRTPS: /opt/ros/humble/include  
[0.625s] -- Using RMW implementation 'rmw_fastrtps_cpp' as default
[0.633s] -- Looking for pthread.h
[0.686s] -- Looking for pthread.h - found
[0.686s] -- Performing Test CMAKE_HAVE_LIBC_PTHREAD
[0.752s] -- Performing Test CMAKE_HAVE_LIBC_PTHREAD - Success
[0.752s] -- Found Threads: TRUE  
[0.806s] -- Found sensor_msgs: 4.9.0 (/opt/ros/humble/share/sensor_msgs/cmake)
[0.834s] -- Found cv_bridge: 3.2.1 (/opt/ros/humble/share/cv_bridge/cmake)
[0.843s] -- Found ros_gz_sim: 0.244.20 (/opt/ros/humble/share/ros_gz_sim/cmake)
[0.846s] -- Found ros_gz_bridge: 0.244.20 (/opt/ros/humble/share/ros_gz_bridge/cmake)
[0.902s] -- Found Protobuf: /usr/lib/x86_64-linux-gnu/libprotobuf.so (found suitable version "3.12.4", minimum required is "3") 
[0.948s] -- Found Protobuf: /usr/lib/x86_64-linux-gnu/libprotobuf.so (found version "3.12.4") 
[1.160s] -- Found tf2_ros: 0.25.13 (/opt/ros/humble/share/tf2_ros/cmake)
[1.185s] -- Found ament_lint_auto: 0.12.12 (/opt/ros/humble/share/ament_lint_auto/cmake)
[1.251s] -- Added test 'flake8' to check Python code syntax and style conventions
[1.252s] -- Added test 'lint_cmake' to check CMake code style
[1.252s] -- Added test 'pep257' to check Python code against some of the docstring style conventions in PEP 257
[1.253s] -- Added test 'xmllint' to check XML markup files
[1.254s] -- Configuring done
[1.258s] -- Generating done
[1.259s] -- Build files have been written to: /home/burak/graduation_thesis/build/realsense_vslam
[1.268s] Invoked command in '/home/burak/graduation_thesis/build/realsense_vslam' returned '0': CMAKE_PREFIX_PATH=${CMAKE_PREFIX_PATH}:/opt/ros/humble /usr/bin/cmake /home/burak/graduation_thesis/src/realsense-visual-slam-gps-denied/realsense_vslam -DAMENT_CMAKE_SYMLINK_INSTALL=1 -DCMAKE_INSTALL_PREFIX=/home/burak/graduation_thesis/install/realsense_vslam
[1.269s] Invoking command in '/home/burak/graduation_thesis/build/realsense_vslam': CMAKE_PREFIX_PATH=${CMAKE_PREFIX_PATH}:/opt/ros/humble /usr/bin/cmake --build /home/burak/graduation_thesis/build/realsense_vslam -- -j16 -l16
[1.292s] Invoked command in '/home/burak/graduation_thesis/build/realsense_vslam' returned '0': CMAKE_PREFIX_PATH=${CMAKE_PREFIX_PATH}:/opt/ros/humble /usr/bin/cmake --build /home/burak/graduation_thesis/build/realsense_vslam -- -j16 -l16
[1.298s] Invoking command in '/home/burak/graduation_thesis/build/realsense_vslam': CMAKE_PREFIX_PATH=${CMAKE_PREFIX_PATH}:/opt/ros/humble /usr/bin/cmake --install /home/burak/graduation_thesis/build/realsense_vslam
[1.303s] -- Install configuration: ""
[1.304s] -- Execute custom install script
[1.304s] -- Symlinking: /home/burak/graduation_thesis/install/realsense_vslam/share/realsense_vslam/launch/master_gazebo.launch.py
[1.314s] -- Symlinking: /home/burak/graduation_thesis/install/realsense_vslam/share/realsense_vslam/models/master_uav/model.sdf
[1.322s] -- Symlinking: /home/burak/graduation_thesis/install/realsense_vslam/share/ament_index/resource_index/package_run_dependencies/realsense_vslam
[1.327s] -- Symlinking: /home/burak/graduation_thesis/install/realsense_vslam/share/ament_index/resource_index/parent_prefix_path/realsense_vslam
[1.332s] -- Symlinking: /home/burak/graduation_thesis/install/realsense_vslam/share/realsense_vslam/environment/ament_prefix_path.sh
[1.336s] -- Symlinking: /home/burak/graduation_thesis/install/realsense_vslam/share/realsense_vslam/environment/ament_prefix_path.dsv
[1.341s] -- Symlinking: /home/burak/graduation_thesis/install/realsense_vslam/share/realsense_vslam/environment/path.sh
[1.346s] -- Symlinking: /home/burak/graduation_thesis/install/realsense_vslam/share/realsense_vslam/environment/path.dsv
[1.351s] -- Symlinking: /home/burak/graduation_thesis/install/realsense_vslam/share/realsense_vslam/local_setup.bash
[1.357s] -- Symlinking: /home/burak/graduation_thesis/install/realsense_vslam/share/realsense_vslam/local_setup.sh
[1.364s] -- Symlinking: /home/burak/graduation_thesis/install/realsense_vslam/share/realsense_vslam/local_setup.zsh
[1.368s] -- Symlinking: /home/burak/graduation_thesis/install/realsense_vslam/share/realsense_vslam/local_setup.dsv
[1.374s] -- Symlinking: /home/burak/graduation_thesis/install/realsense_vslam/share/realsense_vslam/package.dsv
[1.381s] -- Symlinking: /home/burak/graduation_thesis/install/realsense_vslam/share/ament_index/resource_index/packages/realsense_vslam
[1.386s] -- Symlinking: /home/burak/graduation_thesis/install/realsense_vslam/share/realsense_vslam/cmake/realsense_vslamConfig.cmake
[1.393s] -- Symlinking: /home/burak/graduation_thesis/install/realsense_vslam/share/realsense_vslam/cmake/realsense_vslamConfig-version.cmake
[1.403s] -- Symlinking: /home/burak/graduation_thesis/install/realsense_vslam/share/realsense_vslam/package.xml
[1.413s] Invoked command in '/home/burak/graduation_thesis/build/realsense_vslam' returned '0': CMAKE_PREFIX_PATH=${CMAKE_PREFIX_PATH}:/opt/ros/humble /usr/bin/cmake --install /home/burak/graduation_thesis/build/realsense_vslam
