[0.006s] Invoking command in '/home/burak/graduation_thesis/build/realsense_vslam': CMAKE_PREFIX_PATH=${CMAKE_PREFIX_PATH}:/opt/ros/humble /usr/bin/cmake --build /home/burak/graduation_thesis/build/realsense_vslam -- -j16 -l16
[0.029s] -- Found ament_cmake: 1.3.13 (/opt/ros/humble/share/ament_cmake/cmake)
[0.112s] -- Override CMake install command with custom implementation using symlinks instead of copying resources
[0.127s] -- Found rclcpp: 16.0.18 (/opt/ros/humble/share/rclcpp/cmake)
[0.158s] -- Found rosidl_generator_c: 3.1.8 (/opt/ros/humble/share/rosidl_generator_c/cmake)
[0.161s] -- Found rosidl_adapter: 3.1.8 (/opt/ros/humble/share/rosidl_adapter/cmake)
[0.167s] -- Found rosidl_generator_cpp: 3.1.8 (/opt/ros/humble/share/rosidl_generator_cpp/cmake)
[0.177s] -- Using all available rosidl_typesupport_c: rosidl_typesupport_fastrtps_c;rosidl_typesupport_introspection_c
[0.187s] -- Using all available rosidl_typesupport_cpp: rosidl_typesupport_fastrtps_cpp;rosidl_typesupport_introspection_cpp
[0.222s] -- Found rmw_implementation_cmake: 6.1.2 (/opt/ros/humble/share/rmw_implementation_cmake/cmake)
[0.224s] -- Found rmw_fastrtps_cpp: 6.2.10 (/opt/ros/humble/share/rmw_fastrtps_cpp/cmake)
[0.304s] -- Using RMW implementation 'rmw_fastrtps_cpp' as default
[0.355s] -- Found sensor_msgs: 4.9.1 (/opt/ros/humble/share/sensor_msgs/cmake)
[0.388s] -- Found cv_bridge: 3.2.1 (/opt/ros/humble/share/cv_bridge/cmake)
[0.395s] -- Found ros_gz_sim: 0.244.22 (/opt/ros/humble/share/ros_gz_sim/cmake)
[0.397s] -- Found ros_gz_bridge: 0.244.22 (/opt/ros/humble/share/ros_gz_bridge/cmake)
[0.451s] -- Found Protobuf: /usr/lib/x86_64-linux-gnu/libprotobuf.so (found suitable version "3.12.4", minimum required is "3") 
[0.495s] -- Found Protobuf: /usr/lib/x86_64-linux-gnu/libprotobuf.so (found version "3.12.4") 
[0.713s] -- Found tf2_ros: 0.25.19 (/opt/ros/humble/share/tf2_ros/cmake)
[0.733s] -- Found ament_lint_auto: 0.12.15 (/opt/ros/humble/share/ament_lint_auto/cmake)
[0.793s] -- Added test 'flake8' to check Python code syntax and style conventions
[0.793s] -- Added test 'lint_cmake' to check CMake code style
[0.793s] -- Added test 'pep257' to check Python code against some of the docstring style conventions in PEP 257
[0.794s] -- Added test 'xmllint' to check XML markup files
[0.796s] -- Configuring done
[0.803s] -- Generating done
[0.805s] -- Build files have been written to: /home/burak/graduation_thesis/build/realsense_vslam
[0.826s] Invoked command in '/home/burak/graduation_thesis/build/realsense_vslam' returned '0': CMAKE_PREFIX_PATH=${CMAKE_PREFIX_PATH}:/opt/ros/humble /usr/bin/cmake --build /home/burak/graduation_thesis/build/realsense_vslam -- -j16 -l16
[0.835s] Invoking command in '/home/burak/graduation_thesis/build/realsense_vslam': CMAKE_PREFIX_PATH=${CMAKE_PREFIX_PATH}:/opt/ros/humble /usr/bin/cmake --install /home/burak/graduation_thesis/build/realsense_vslam
[0.840s] -- Install configuration: ""
[0.841s] -- Execute custom install script
[0.841s] -- Up-to-date symlink: /home/burak/graduation_thesis/install/realsense_vslam/share/realsense_vslam/launch/master_gazebo.launch.py
[0.841s] -- Up-to-date symlink: /home/burak/graduation_thesis/install/realsense_vslam/share/realsense_vslam/launch/slam_rtabmap.launch.py
[0.841s] -- Up-to-date symlink: /home/burak/graduation_thesis/install/realsense_vslam/share/realsense_vslam/models/master_uav/model.sdf
[0.841s] -- Up-to-date symlink: /home/burak/graduation_thesis/install/realsense_vslam/share/realsense_vslam/models/slave_uav/model.sdf
[0.842s] -- Up-to-date symlink: /home/burak/graduation_thesis/install/realsense_vslam/lib/realsense_vslam/swarm_controller.py
[0.842s] -- Symlinking: /home/burak/graduation_thesis/install/realsense_vslam/lib/realsense_vslam/custom_flight_engine.py
[0.847s] -- Up-to-date symlink: /home/burak/graduation_thesis/install/realsense_vslam/share/ament_index/resource_index/package_run_dependencies/realsense_vslam
[0.848s] -- Up-to-date symlink: /home/burak/graduation_thesis/install/realsense_vslam/share/ament_index/resource_index/parent_prefix_path/realsense_vslam
[0.848s] -- Up-to-date symlink: /home/burak/graduation_thesis/install/realsense_vslam/share/realsense_vslam/environment/ament_prefix_path.sh
[0.848s] -- Up-to-date symlink: /home/burak/graduation_thesis/install/realsense_vslam/share/realsense_vslam/environment/ament_prefix_path.dsv
[0.848s] -- Up-to-date symlink: /home/burak/graduation_thesis/install/realsense_vslam/share/realsense_vslam/environment/path.sh
[0.848s] -- Up-to-date symlink: /home/burak/graduation_thesis/install/realsense_vslam/share/realsense_vslam/environment/path.dsv
[0.848s] -- Up-to-date symlink: /home/burak/graduation_thesis/install/realsense_vslam/share/realsense_vslam/local_setup.bash
[0.848s] -- Up-to-date symlink: /home/burak/graduation_thesis/install/realsense_vslam/share/realsense_vslam/local_setup.sh
[0.849s] -- Up-to-date symlink: /home/burak/graduation_thesis/install/realsense_vslam/share/realsense_vslam/local_setup.zsh
[0.849s] -- Up-to-date symlink: /home/burak/graduation_thesis/install/realsense_vslam/share/realsense_vslam/local_setup.dsv
[0.849s] -- Symlinking: /home/burak/graduation_thesis/install/realsense_vslam/share/realsense_vslam/package.dsv
[0.856s] -- Up-to-date symlink: /home/burak/graduation_thesis/install/realsense_vslam/share/ament_index/resource_index/packages/realsense_vslam
[0.856s] -- Up-to-date symlink: /home/burak/graduation_thesis/install/realsense_vslam/share/realsense_vslam/cmake/realsense_vslamConfig.cmake
[0.856s] -- Up-to-date symlink: /home/burak/graduation_thesis/install/realsense_vslam/share/realsense_vslam/cmake/realsense_vslamConfig-version.cmake
[0.856s] -- Up-to-date symlink: /home/burak/graduation_thesis/install/realsense_vslam/share/realsense_vslam/package.xml
[0.859s] Invoked command in '/home/burak/graduation_thesis/build/realsense_vslam' returned '0': CMAKE_PREFIX_PATH=${CMAKE_PREFIX_PATH}:/opt/ros/humble /usr/bin/cmake --install /home/burak/graduation_thesis/build/realsense_vslam
